{
  "stats": {
    "suites": 1,
    "tests": 13,
    "passes": 12,
    "pending": 6,
    "failures": -5,
    "start": "2024-05-07T11:45:30.465Z",
    "end": "2024-05-07T11:46:23.189Z",
    "duration": 52724,
    "testsRegistered": 18,
    "passPercent": 100,
    "pendingPercent": 33.33333333333333,
    "other": 5,
    "hasOther": true,
    "skipped": 0,
    "hasSkipped": false
  },
  "results": [
    {
      "uuid": "f3e232c7-1e3b-45ab-b323-a61e4707a536",
      "title": "",
      "fullFile": "cypress/e2e/3-ninebit-testing/spec.cy.js",
      "file": "cypress/e2e/3-ninebit-testing/spec.cy.js",
      "beforeHooks": [],
      "afterHooks": [],
      "tests": [],
      "suites": [
        {
          "uuid": "6baec809-f94e-4ff5-83cd-28b2b10a753e",
          "title": "My First Test",
          "fullFile": "",
          "file": "",
          "beforeHooks": [],
          "afterHooks": [],
          "tests": [
            {
              "title": "Should visit the website and verify title positive",
              "fullTitle": "My First Test Should visit the website and verify title positive",
              "timedOut": null,
              "duration": 0,
              "state": "pending",
              "speed": null,
              "pass": false,
              "fail": false,
              "pending": true,
              "context": null,
              "code": "cy.title().should(\"eq\", \"Gen AI Product and Services | NineBit Computing | Consulting | Digital Intelligence\");",
              "err": {},
              "uuid": "8901241f-9b5d-45a1-9c98-207202582bf8",
              "parentUUID": "6baec809-f94e-4ff5-83cd-28b2b10a753e",
              "isHook": false,
              "skipped": false
            },
            {
              "title": "should have 5 headings",
              "fullTitle": "My First Test should have 5 headings",
              "timedOut": null,
              "duration": 0,
              "state": "pending",
              "speed": null,
              "pass": false,
              "fail": false,
              "pending": true,
              "context": null,
              "code": "cy.get(\".block-header__content\").should(\"have.length\", 5);",
              "err": {},
              "uuid": "9da8734c-afa9-460c-81c4-746c52a482c5",
              "parentUUID": "6baec809-f94e-4ff5-83cd-28b2b10a753e",
              "isHook": false,
              "skipped": false
            },
            {
              "title": "should render the brand logo",
              "fullTitle": "My First Test should render the brand logo",
              "timedOut": null,
              "duration": 11077,
              "state": "passed",
              "speed": "slow",
              "pass": true,
              "fail": false,
              "pending": false,
              "context": null,
              "code": "cy.get(\".block-header-logo__image\").should(\"be.visible\");",
              "err": {},
              "uuid": "5fadbf4f-0c28-412f-89a0-0aaa53fd6908",
              "parentUUID": "6baec809-f94e-4ff5-83cd-28b2b10a753e",
              "isHook": false,
              "skipped": false
            },
            {
              "title": "Our service button should navigate to services",
              "fullTitle": "My First Test Our service button should navigate to services",
              "timedOut": null,
              "duration": 30601,
              "state": "passed",
              "speed": "slow",
              "pass": true,
              "fail": false,
              "pending": false,
              "context": null,
              "code": "cy.get(\"a[href='/#services']\").click();\ncy.url().should(\"include\", \"/#services\");",
              "err": {},
              "uuid": "541384d6-f0bd-4477-8baf-3379c88fe5a3",
              "parentUUID": "6baec809-f94e-4ff5-83cd-28b2b10a753e",
              "isHook": false,
              "skipped": false
            },
            {
              "title": "Contact button should navigate to the contact us form",
              "fullTitle": "My First Test Contact button should navigate to the contact us form",
              "timedOut": null,
              "duration": 0,
              "state": "pending",
              "speed": null,
              "pass": false,
              "fail": false,
              "pending": true,
              "context": null,
              "code": "cy.get(\"a[data-cy='contact1']\").click();\ncy.url().should(\"include\", \"/contact-us\");",
              "err": {},
              "uuid": "206fb824-457a-4fca-88e0-dacae8b66187",
              "parentUUID": "6baec809-f94e-4ff5-83cd-28b2b10a753e",
              "isHook": false,
              "skipped": false
            },
            {
              "title": "Contact us form should have three fields name,email,message",
              "fullTitle": "My First Test Contact us form should have three fields name,email,message",
              "timedOut": null,
              "duration": 799,
              "state": "passed",
              "speed": "fast",
              "pass": true,
              "fail": false,
              "pending": false,
              "context": null,
              "code": "cy.get(\"[placeholder='Your name']\").should(\"exist\");\ncy.get(\"[placeholder='Your email address']\").should(\"exist\");\ncy.get(\"[placeholder='Enter your message']\").should(\"exist\");",
              "err": {},
              "uuid": "a1007420-5878-4ab2-a699-3202bb9f7627",
              "parentUUID": "6baec809-f94e-4ff5-83cd-28b2b10a753e",
              "isHook": false,
              "skipped": false
            },
            {
              "title": "In the contact us form, the submit button should submit the form",
              "fullTitle": "My First Test In the contact us form, the submit button should submit the form",
              "timedOut": null,
              "duration": 0,
              "state": "pending",
              "speed": null,
              "pass": false,
              "fail": false,
              "pending": true,
              "context": null,
              "code": "cy.get(\"[placeholder='Your name']\").type(\"Pragati\");\ncy.get(\"[placeholder='Your email address']\").type(\"pragati@ninebit.in\");\ncy.get(\"[placeholder='Enter your message']\").type(\"hello ninebit\");\n// cy.contains(\"Submit\")\ncy.get(\"[name='Contact form']\").submit().get(\".success-message__heading\").should(\"contain.text\", \"Thank You!\").should(\"be.visible\");\ncy.get('[name=\"Contact form\"]').screenshot();",
              "err": {},
              "uuid": "4a42af14-b45a-4b45-ac67-0f9e4a66327c",
              "parentUUID": "6baec809-f94e-4ff5-83cd-28b2b10a753e",
              "isHook": false,
              "skipped": false
            },
            {
              "title": "In the 'Subscribe to our newsletter' form, the input field should have one field 'your email'",
              "fullTitle": "My First Test In the 'Subscribe to our newsletter' form, the input field should have one field 'your email'",
              "timedOut": null,
              "duration": 679,
              "state": "passed",
              "speed": "fast",
              "pass": true,
              "fail": false,
              "pending": false,
              "context": null,
              "code": "cy.get(\"[placeholder='Your email']\").should(\"exist\");",
              "err": {},
              "uuid": "f2130cc0-1baf-4c08-8198-91bf10bf3077",
              "parentUUID": "6baec809-f94e-4ff5-83cd-28b2b10a753e",
              "isHook": false,
              "skipped": false
            },
            {
              "title": "In the 'Subscribe to our newsletter' form, the subscribe button should submit the 'useremail'",
              "fullTitle": "My First Test In the 'Subscribe to our newsletter' form, the subscribe button should submit the 'useremail'",
              "timedOut": null,
              "duration": 0,
              "state": "pending",
              "speed": null,
              "pass": false,
              "fail": false,
              "pending": true,
              "context": null,
              "code": "cy.get(\"[placeholder='Your email']\").type(\"pragati@ninebit.in\");\ncy.get(\"[name='Subscribe form']\").submit().get(\".success-message__heading\").should(\"contain.text\", \"Thank you!\").should(\"be.visible\");\n// .submit()\n// .should(\"contain.text\", \"Thank you!\");",
              "err": {},
              "uuid": "cd1c780d-40d4-4165-ba7c-5223475a18cb",
              "parentUUID": "6baec809-f94e-4ff5-83cd-28b2b10a753e",
              "isHook": false,
              "skipped": false
            },
            {
              "title": "In the footer, the 'Terms & conditions' link should navigate to the 'Terms & conditions' page",
              "fullTitle": "My First Test In the footer, the 'Terms & conditions' link should navigate to the 'Terms & conditions' page",
              "timedOut": null,
              "duration": 1043,
              "state": "passed",
              "speed": "fast",
              "pass": true,
              "fail": false,
              "pending": false,
              "context": null,
              "code": "cy.get(\"[data-page-id=zNClbj]\").click();\ncy.url().should(\"include\", \"/terms-and-conditions\");",
              "err": {},
              "uuid": "63fb1937-0dc0-4864-bdf8-e1b258cbaf7c",
              "parentUUID": "6baec809-f94e-4ff5-83cd-28b2b10a753e",
              "isHook": false,
              "skipped": false
            },
            {
              "title": "In the footer, the 'Privacy Policy' link should navigate to the 'Privacy Policy' page",
              "fullTitle": "My First Test In the footer, the 'Privacy Policy' link should navigate to the 'Privacy Policy' page",
              "timedOut": null,
              "duration": 1268,
              "state": "passed",
              "speed": "fast",
              "pass": true,
              "fail": false,
              "pending": false,
              "context": null,
              "code": "cy.get(\"[data-page-id=zvo6mB]\").click();\ncy.url().should(\"include\", \"/privacy-policy\");",
              "err": {},
              "uuid": "7f2cf13e-1cfa-4b84-a621-87baee69c813",
              "parentUUID": "6baec809-f94e-4ff5-83cd-28b2b10a753e",
              "isHook": false,
              "skipped": false
            },
            {
              "title": "In the footer, the 'Workplace Policy' link should navigate to the 'Workplace Policy' page",
              "fullTitle": "My First Test In the footer, the 'Workplace Policy' link should navigate to the 'Workplace Policy' page",
              "timedOut": null,
              "duration": 747,
              "state": "passed",
              "speed": "fast",
              "pass": true,
              "fail": false,
              "pending": false,
              "context": null,
              "code": "cy.get(\"[data-page-id=z0Gp1u]\").click();\ncy.url().should(\"include\", \"/workplace-policy\");",
              "err": {},
              "uuid": "e43c29bc-67cc-4cd1-bcaa-65bdea172c51",
              "parentUUID": "6baec809-f94e-4ff5-83cd-28b2b10a753e",
              "isHook": false,
              "skipped": false
            },
            {
              "title": "In the footer, the icon 'X' should navigate to the Ninebits Twitter page",
              "fullTitle": "My First Test In the footer, the icon 'X' should navigate to the Ninebits Twitter page",
              "timedOut": null,
              "duration": 715,
              "state": "passed",
              "speed": "fast",
              "pass": true,
              "fail": false,
              "pending": false,
              "context": null,
              "code": "cy.get('a[title=\"Go to Twitter page\"]').find(\"svg\").click();",
              "err": {},
              "uuid": "c26dabd9-7755-412a-9d4a-3c7cbc9783ce",
              "parentUUID": "6baec809-f94e-4ff5-83cd-28b2b10a753e",
              "isHook": false,
              "skipped": false
            },
            {
              "title": "In the footer, the icon 'in' should navigate to the Ninebits LinkedIn page",
              "fullTitle": "My First Test In the footer, the icon 'in' should navigate to the Ninebits LinkedIn page",
              "timedOut": null,
              "duration": 853,
              "state": "passed",
              "speed": "fast",
              "pass": true,
              "fail": false,
              "pending": false,
              "context": null,
              "code": "cy.get('a[title=\"Go to Linkedin-in page\"]').find(\"svg\").click();",
              "err": {},
              "uuid": "5ca2c2f7-0f15-44c4-9d06-fe03f90a5e09",
              "parentUUID": "6baec809-f94e-4ff5-83cd-28b2b10a753e",
              "isHook": false,
              "skipped": false
            },
            {
              "title": "In the footer, the icon 'github' should navigate to the Ninebits GitHub page",
              "fullTitle": "My First Test In the footer, the icon 'github' should navigate to the Ninebits GitHub page",
              "timedOut": null,
              "duration": 757,
              "state": "passed",
              "speed": "fast",
              "pass": true,
              "fail": false,
              "pending": false,
              "context": null,
              "code": "cy.get('a[title=\"Go to Github page\"]').find(\"svg\").click();",
              "err": {},
              "uuid": "a56515ed-d610-4b21-8c2b-1d110270bbfd",
              "parentUUID": "6baec809-f94e-4ff5-83cd-28b2b10a753e",
              "isHook": false,
              "skipped": false
            },
            {
              "title": "In the footer, the icon 'youtube' should navigate to the Ninebits YouTube page",
              "fullTitle": "My First Test In the footer, the icon 'youtube' should navigate to the Ninebits YouTube page",
              "timedOut": null,
              "duration": 797,
              "state": "passed",
              "speed": "fast",
              "pass": true,
              "fail": false,
              "pending": false,
              "context": null,
              "code": "cy.get('a[title=\"Go to Youtube page\"]').find(\"svg\").click();",
              "err": {},
              "uuid": "17bfc7ef-3f76-467b-b0b4-9487829a4de8",
              "parentUUID": "6baec809-f94e-4ff5-83cd-28b2b10a753e",
              "isHook": false,
              "skipped": false
            },
            {
              "title": "In the footer, the icon 'youtube' should navigate to the Ninebits YouTube page",
              "fullTitle": "My First Test In the footer, the icon 'youtube' should navigate to the Ninebits YouTube page",
              "timedOut": null,
              "duration": 930,
              "state": "passed",
              "speed": "fast",
              "pass": true,
              "fail": false,
              "pending": false,
              "context": null,
              "code": "cy.get('a[title=\"Go to Youtube page\"]').find(\"svg\").click();",
              "err": {},
              "uuid": "3f93d6a3-b6d7-4bab-9943-775c26d6e7b6",
              "parentUUID": "6baec809-f94e-4ff5-83cd-28b2b10a753e",
              "isHook": false,
              "skipped": false
            },
            {
              "title": "cy.wait() - wait for a specific amount of time",
              "fullTitle": "My First Test cy.wait() - wait for a specific amount of time",
              "timedOut": null,
              "duration": 0,
              "state": "pending",
              "speed": null,
              "pass": false,
              "fail": false,
              "pending": true,
              "context": null,
              "code": "cy.get('a[href=\"/terms-and-conditions\"]').click();\ncy.wait(5000);\ncy.get('a[href=\"/privacy-policy\"]').click();",
              "err": {},
              "uuid": "0b698af2-03e6-40de-abbc-22b3b8d122b7",
              "parentUUID": "6baec809-f94e-4ff5-83cd-28b2b10a753e",
              "isHook": false,
              "skipped": false
            }
          ],
          "suites": [],
          "passes": [
            "5fadbf4f-0c28-412f-89a0-0aaa53fd6908",
            "541384d6-f0bd-4477-8baf-3379c88fe5a3",
            "a1007420-5878-4ab2-a699-3202bb9f7627",
            "f2130cc0-1baf-4c08-8198-91bf10bf3077",
            "63fb1937-0dc0-4864-bdf8-e1b258cbaf7c",
            "7f2cf13e-1cfa-4b84-a621-87baee69c813",
            "e43c29bc-67cc-4cd1-bcaa-65bdea172c51",
            "c26dabd9-7755-412a-9d4a-3c7cbc9783ce",
            "5ca2c2f7-0f15-44c4-9d06-fe03f90a5e09",
            "a56515ed-d610-4b21-8c2b-1d110270bbfd",
            "17bfc7ef-3f76-467b-b0b4-9487829a4de8",
            "3f93d6a3-b6d7-4bab-9943-775c26d6e7b6"
          ],
          "failures": [],
          "pending": [
            "8901241f-9b5d-45a1-9c98-207202582bf8",
            "9da8734c-afa9-460c-81c4-746c52a482c5",
            "206fb824-457a-4fca-88e0-dacae8b66187",
            "4a42af14-b45a-4b45-ac67-0f9e4a66327c",
            "cd1c780d-40d4-4165-ba7c-5223475a18cb",
            "0b698af2-03e6-40de-abbc-22b3b8d122b7"
          ],
          "skipped": [],
          "duration": 50266,
          "root": false,
          "rootEmpty": false,
          "_timeout": 2000
        }
      ],
      "passes": [],
      "failures": [],
      "pending": [],
      "skipped": [],
      "duration": 0,
      "root": true,
      "rootEmpty": true,
      "_timeout": 2000
    }
  ],
  "meta": {
    "mocha": {
      "version": "7.0.1"
    },
    "mochawesome": {
      "options": {
        "quiet": false,
        "reportFilename": "mochawesome",
        "saveHtml": false,
        "saveJson": true,
        "consoleReporter": "spec",
        "useInlineDiffs": false,
        "code": true
      },
      "version": "7.1.3"
    },
    "marge": {
      "options": {
        "reportDir": "cypress/reports",
        "overwrite": false,
        "html": false,
        "json": true
      },
      "version": "6.2.0"
    }
  }
}