{
  "stats": {
    "suites": 1,
    "tests": 1,
    "passes": 1,
    "pending": 0,
    "failures": 0,
    "start": "2024-05-07T11:23:11.750Z",
    "end": "2024-05-07T11:23:13.990Z",
    "duration": 2240,
    "testsRegistered": 1,
    "passPercent": 100,
    "pendingPercent": 0,
    "other": 0,
    "hasOther": false,
    "skipped": 0,
    "hasSkipped": false
  },
  "results": [
    {
      "uuid": "633a000e-ae85-4a02-a971-cbe4acb73157",
      "title": "",
      "fullFile": "cypress/e2e/3-ninebit-testing/spec-copy-1.cy.js",
      "file": "cypress/e2e/3-ninebit-testing/spec-copy-1.cy.js",
      "beforeHooks": [],
      "afterHooks": [],
      "tests": [],
      "suites": [
        {
          "uuid": "15e3ea30-502f-4244-9cf7-adc5e5a8d49b",
          "title": "template spec",
          "fullFile": "",
          "file": "",
          "beforeHooks": [],
          "afterHooks": [],
          "tests": [
            {
              "title": "passes",
              "fullTitle": "template spec passes",
              "timedOut": null,
              "duration": 694,
              "state": "passed",
              "speed": "fast",
              "pass": true,
              "fail": false,
              "pending": false,
              "context": null,
              "code": "cy.visit('https://example.cypress.io');",
              "err": {},
              "uuid": "876047ab-e50a-497a-84f8-36e48076c73a",
              "parentUUID": "15e3ea30-502f-4244-9cf7-adc5e5a8d49b",
              "isHook": false,
              "skipped": false
            }
          ],
          "suites": [],
          "passes": [
            "876047ab-e50a-497a-84f8-36e48076c73a"
          ],
          "failures": [],
          "pending": [],
          "skipped": [],
          "duration": 694,
          "root": false,
          "rootEmpty": false,
          "_timeout": 2000
        }
      ],
      "passes": [],
      "failures": [],
      "pending": [],
      "skipped": [],
      "duration": 0,
      "root": true,
      "rootEmpty": true,
      "_timeout": 2000
    }
  ],
  "meta": {
    "mocha": {
      "version": "7.0.1"
    },
    "mochawesome": {
      "options": {
        "quiet": false,
        "reportFilename": "mochawesome",
        "saveHtml": false,
        "saveJson": true,
        "consoleReporter": "spec",
        "useInlineDiffs": false,
        "code": true
      },
      "version": "7.1.3"
    },
    "marge": {
      "options": {
        "reportDir": "cypress/reports",
        "overwrite": false,
        "html": false,
        "json": true
      },
      "version": "6.2.0"
    }
  }
}