{
  "stats": {
    "suites": 1,
    "tests": 14,
    "passes": 12,
    "pending": 5,
    "failures": -3,
    "start": "2024-05-08T06:05:36.769Z",
    "end": "2024-05-08T06:06:31.214Z",
    "duration": 54445,
    "testsRegistered": 18,
    "passPercent": 92.3076923076923,
    "pendingPercent": 27.77777777777778,
    "other": 4,
    "hasOther": true,
    "skipped": 0,
    "hasSkipped": false
  },
  "results": [
    {
      "uuid": "4cf69a70-d91d-48d9-a987-4482adba777a",
      "title": "",
      "fullFile": "cypress/e2e/3-ninebit-testing/spec.cy.js",
      "file": "cypress/e2e/3-ninebit-testing/spec.cy.js",
      "beforeHooks": [],
      "afterHooks": [],
      "tests": [],
      "suites": [
        {
          "uuid": "3deb4265-46d6-49a8-ab56-f7eeabad589a",
          "title": "My First Test",
          "fullFile": "",
          "file": "",
          "beforeHooks": [],
          "afterHooks": [],
          "tests": [
            {
              "title": "Should visit the website and verify title positive",
              "fullTitle": "My First Test Should visit the website and verify title positive",
              "timedOut": null,
              "duration": 0,
              "state": "pending",
              "speed": null,
              "pass": false,
              "fail": false,
              "pending": true,
              "context": null,
              "code": "cy.title().should(\"eq\", \"Gen AI Product and Services | NineBit Computing | Consulting | Digital Intelligence\");",
              "err": {},
              "uuid": "d6cb940a-cdcd-4c2e-899a-5c3dc0132808",
              "parentUUID": "3deb4265-46d6-49a8-ab56-f7eeabad589a",
              "isHook": false,
              "skipped": false
            },
            {
              "title": "should have 5 headings",
              "fullTitle": "My First Test should have 5 headings",
              "timedOut": null,
              "duration": 0,
              "state": "pending",
              "speed": null,
              "pass": false,
              "fail": false,
              "pending": true,
              "context": null,
              "code": "cy.get(\".block-header__content\").should(\"have.length\", 5);",
              "err": {},
              "uuid": "12fd98ab-29da-4d30-b233-bdb824dc87b6",
              "parentUUID": "3deb4265-46d6-49a8-ab56-f7eeabad589a",
              "isHook": false,
              "skipped": false
            },
            {
              "title": "should render the brand logo",
              "fullTitle": "My First Test should render the brand logo",
              "timedOut": null,
              "duration": 5091,
              "state": "passed",
              "speed": "medium",
              "pass": true,
              "fail": false,
              "pending": false,
              "context": null,
              "code": "cy.get(\".block-header-logo__image\").should(\"be.visible\");",
              "err": {},
              "uuid": "53ef6051-6f54-41ec-88ed-79ac77e60eca",
              "parentUUID": "3deb4265-46d6-49a8-ab56-f7eeabad589a",
              "isHook": false,
              "skipped": false
            },
            {
              "title": "Our service button should navigate to services",
              "fullTitle": "My First Test Our service button should navigate to services",
              "timedOut": null,
              "duration": 6081,
              "state": "passed",
              "speed": "medium",
              "pass": true,
              "fail": false,
              "pending": false,
              "context": null,
              "code": "cy.get(\"a[href='/#services']\").click();\ncy.url().should(\"include\", \"/#services\");",
              "err": {},
              "uuid": "18e16809-d65e-41fa-9e50-48f879c87e7d",
              "parentUUID": "3deb4265-46d6-49a8-ab56-f7eeabad589a",
              "isHook": false,
              "skipped": false
            },
            {
              "title": "Contact button should navigate to the contact us form",
              "fullTitle": "My First Test Contact button should navigate to the contact us form",
              "timedOut": null,
              "duration": 0,
              "state": "pending",
              "speed": null,
              "pass": false,
              "fail": false,
              "pending": true,
              "context": null,
              "code": "cy.get(\"a[data-cy='contact1']\").click();\ncy.url().should(\"include\", \"/contact-us\");",
              "err": {},
              "uuid": "dff83a27-9090-440a-a148-8f0d141c4f17",
              "parentUUID": "3deb4265-46d6-49a8-ab56-f7eeabad589a",
              "isHook": false,
              "skipped": false
            },
            {
              "title": "Contact us form should have three fields name,email,message",
              "fullTitle": "My First Test Contact us form should have three fields name,email,message",
              "timedOut": null,
              "duration": 3630,
              "state": "passed",
              "speed": "fast",
              "pass": true,
              "fail": false,
              "pending": false,
              "context": null,
              "code": "cy.get(\"[placeholder='Your name']\").should(\"exist\");\ncy.get(\"[placeholder='Your email address']\").should(\"exist\");\ncy.get(\"[placeholder='Enter your message']\").should(\"exist\");",
              "err": {},
              "uuid": "9f1b9b15-fe4c-4aaa-b8ad-6fe769c62cc0",
              "parentUUID": "3deb4265-46d6-49a8-ab56-f7eeabad589a",
              "isHook": false,
              "skipped": false
            },
            {
              "title": "In the contact us form, the submit button should submit the form",
              "fullTitle": "My First Test In the contact us form, the submit button should submit the form",
              "timedOut": null,
              "duration": 0,
              "state": "pending",
              "speed": null,
              "pass": false,
              "fail": false,
              "pending": true,
              "context": null,
              "code": "cy.get(\"[placeholder='Your name']\").type(\"Pragati\");\ncy.get(\"[placeholder='Your email address']\").type(\"pragati@ninebit.in\");\ncy.get(\"[placeholder='Enter your message']\").type(\"hello ninebit\");\n// cy.contains(\"Submit\")\ncy.get(\"[name='Contact form']\").submit().get(\".success-message__heading\").should(\"contain.text\", \"Thank You!\").should(\"be.visible\");\ncy.get('[name=\"Contact form\"]').screenshot();",
              "err": {},
              "uuid": "def79823-dc1f-4a3d-89fa-0e5943b2cddf",
              "parentUUID": "3deb4265-46d6-49a8-ab56-f7eeabad589a",
              "isHook": false,
              "skipped": false
            },
            {
              "title": "In the 'Subscribe to our newsletter' form, the input field should have one field 'your email'",
              "fullTitle": "My First Test In the 'Subscribe to our newsletter' form, the input field should have one field 'your email'",
              "timedOut": null,
              "duration": 4598,
              "state": "passed",
              "speed": "fast",
              "pass": true,
              "fail": false,
              "pending": false,
              "context": null,
              "code": "cy.get(\"[placeholder='Your email']\").should(\"exist\");",
              "err": {},
              "uuid": "c3c33868-09e4-4cc7-aad5-80388c349e37",
              "parentUUID": "3deb4265-46d6-49a8-ab56-f7eeabad589a",
              "isHook": false,
              "skipped": false
            },
            {
              "title": "In the 'Subscribe to our newsletter' form, the subscribe button should submit the 'useremail'",
              "fullTitle": "My First Test In the 'Subscribe to our newsletter' form, the subscribe button should submit the 'useremail'",
              "timedOut": null,
              "duration": 2599,
              "state": "failed",
              "speed": null,
              "pass": false,
              "fail": true,
              "pending": false,
              "context": null,
              "code": "cy.get(\"[placeholder='Your email']\").type(\"pragati@ninebit.in\");\ncy.get(\"[name='Subscribe form']\").submit().get(\".success-message__heading\").should(\"contain.text\", \"Thank you!\").should(\"be.visible\");\n// .submit()\n// .should(\"contain.text\", \"Thank you!\");",
              "err": {
                "message": "TypeError: form.submit is not a function",
                "estack": "TypeError: form.submit is not a function\n    at Context.submit (https://ninebit.in/__cypress/runner/cypress_runner.js:114280:14)\n    at wrapped (https://ninebit.in/__cypress/runner/cypress_runner.js:138411:19)\n    at <unknown> (https://ninebit.in/__cypress/runner/cypress_runner.js:144325:15)\n    at tryCatcher (https://ninebit.in/__cypress/runner/cypress_runner.js:1807:23)\n    at Promise._settlePromiseFromHandler (https://ninebit.in/__cypress/runner/cypress_runner.js:1519:31)\n    at Promise._settlePromise (https://ninebit.in/__cypress/runner/cypress_runner.js:1576:18)\n    at Promise._settlePromiseCtx (https://ninebit.in/__cypress/runner/cypress_runner.js:1613:10)\n    at _drainQueueStep (https://ninebit.in/__cypress/runner/cypress_runner.js:2411:12)\n    at _drainQueue (https://ninebit.in/__cypress/runner/cypress_runner.js:2400:9)\n    at Async._drainQueues (https://ninebit.in/__cypress/runner/cypress_runner.js:2416:5)\n    at Async.drainQueues (https://ninebit.in/__cypress/runner/cypress_runner.js:2286:14)",
                "diff": null
              },
              "uuid": "6f29475d-3e85-4035-8ea4-9f6dbd836d19",
              "parentUUID": "3deb4265-46d6-49a8-ab56-f7eeabad589a",
              "isHook": false,
              "skipped": false
            },
            {
              "title": "In the footer, the 'Terms & conditions' link should navigate to the 'Terms & conditions' page",
              "fullTitle": "My First Test In the footer, the 'Terms & conditions' link should navigate to the 'Terms & conditions' page",
              "timedOut": null,
              "duration": 4532,
              "state": "passed",
              "speed": "fast",
              "pass": true,
              "fail": false,
              "pending": false,
              "context": null,
              "code": "cy.get(\"[data-page-id=zNClbj]\").click();\ncy.url().should(\"include\", \"/terms-and-conditions\");",
              "err": {},
              "uuid": "96437c5b-7540-4cca-a403-4134ae84a5df",
              "parentUUID": "3deb4265-46d6-49a8-ab56-f7eeabad589a",
              "isHook": false,
              "skipped": false
            },
            {
              "title": "In the footer, the 'Privacy Policy' link should navigate to the 'Privacy Policy' page",
              "fullTitle": "My First Test In the footer, the 'Privacy Policy' link should navigate to the 'Privacy Policy' page",
              "timedOut": null,
              "duration": 5400,
              "state": "passed",
              "speed": "medium",
              "pass": true,
              "fail": false,
              "pending": false,
              "context": null,
              "code": "cy.get(\"[data-page-id=zvo6mB]\").click();\ncy.url().should(\"include\", \"/privacy-policy\");",
              "err": {},
              "uuid": "eca2bf66-3fe6-4a73-90e6-88e7d240634c",
              "parentUUID": "3deb4265-46d6-49a8-ab56-f7eeabad589a",
              "isHook": false,
              "skipped": false
            },
            {
              "title": "In the footer, the 'Workplace Policy' link should navigate to the 'Workplace Policy' page",
              "fullTitle": "My First Test In the footer, the 'Workplace Policy' link should navigate to the 'Workplace Policy' page",
              "timedOut": null,
              "duration": 5485,
              "state": "passed",
              "speed": "medium",
              "pass": true,
              "fail": false,
              "pending": false,
              "context": null,
              "code": "cy.get(\"[data-page-id=z0Gp1u]\").click();\ncy.url().should(\"include\", \"/workplace-policy\");",
              "err": {},
              "uuid": "e2d2ab51-52da-4116-8165-2118b4b80668",
              "parentUUID": "3deb4265-46d6-49a8-ab56-f7eeabad589a",
              "isHook": false,
              "skipped": false
            },
            {
              "title": "In the footer, the icon 'X' should navigate to the Ninebits Twitter page",
              "fullTitle": "My First Test In the footer, the icon 'X' should navigate to the Ninebits Twitter page",
              "timedOut": null,
              "duration": 2057,
              "state": "passed",
              "speed": "fast",
              "pass": true,
              "fail": false,
              "pending": false,
              "context": null,
              "code": "cy.get('a[title=\"Go to Twitter page\"]').find(\"svg\").click();",
              "err": {},
              "uuid": "e5d53026-b557-4e8f-ab61-ab909a359776",
              "parentUUID": "3deb4265-46d6-49a8-ab56-f7eeabad589a",
              "isHook": false,
              "skipped": false
            },
            {
              "title": "In the footer, the icon 'in' should navigate to the Ninebits LinkedIn page",
              "fullTitle": "My First Test In the footer, the icon 'in' should navigate to the Ninebits LinkedIn page",
              "timedOut": null,
              "duration": 2951,
              "state": "passed",
              "speed": "fast",
              "pass": true,
              "fail": false,
              "pending": false,
              "context": null,
              "code": "cy.get('a[title=\"Go to Linkedin-in page\"]').find(\"svg\").click();",
              "err": {},
              "uuid": "37f90f99-d152-4812-ab82-fe6ea7d2c76f",
              "parentUUID": "3deb4265-46d6-49a8-ab56-f7eeabad589a",
              "isHook": false,
              "skipped": false
            },
            {
              "title": "In the footer, the icon 'github' should navigate to the Ninebits GitHub page",
              "fullTitle": "My First Test In the footer, the icon 'github' should navigate to the Ninebits GitHub page",
              "timedOut": null,
              "duration": 2436,
              "state": "passed",
              "speed": "fast",
              "pass": true,
              "fail": false,
              "pending": false,
              "context": null,
              "code": "cy.get('a[title=\"Go to Github page\"]').find(\"svg\").click();",
              "err": {},
              "uuid": "22da62bd-cd62-4c67-9d4e-89c0e820036d",
              "parentUUID": "3deb4265-46d6-49a8-ab56-f7eeabad589a",
              "isHook": false,
              "skipped": false
            },
            {
              "title": "In the footer, the icon 'youtube' should navigate to the Ninebits YouTube page",
              "fullTitle": "My First Test In the footer, the icon 'youtube' should navigate to the Ninebits YouTube page",
              "timedOut": null,
              "duration": 3954,
              "state": "passed",
              "speed": "fast",
              "pass": true,
              "fail": false,
              "pending": false,
              "context": null,
              "code": "cy.get('a[title=\"Go to Youtube page\"]').find(\"svg\").click();",
              "err": {},
              "uuid": "65c8ddcf-9827-4bcc-b373-46c4993e1a2e",
              "parentUUID": "3deb4265-46d6-49a8-ab56-f7eeabad589a",
              "isHook": false,
              "skipped": false
            },
            {
              "title": "In the footer, the icon 'youtube' should navigate to the Ninebits YouTube page",
              "fullTitle": "My First Test In the footer, the icon 'youtube' should navigate to the Ninebits YouTube page",
              "timedOut": null,
              "duration": 1616,
              "state": "passed",
              "speed": "fast",
              "pass": true,
              "fail": false,
              "pending": false,
              "context": null,
              "code": "cy.get('a[title=\"Go to Youtube page\"]').find(\"svg\").click();",
              "err": {},
              "uuid": "48249aea-d844-41e0-b6ed-b5e2e926c0ba",
              "parentUUID": "3deb4265-46d6-49a8-ab56-f7eeabad589a",
              "isHook": false,
              "skipped": false
            },
            {
              "title": "cy.wait() - wait for a specific amount of time",
              "fullTitle": "My First Test cy.wait() - wait for a specific amount of time",
              "timedOut": null,
              "duration": 0,
              "state": "pending",
              "speed": null,
              "pass": false,
              "fail": false,
              "pending": true,
              "context": null,
              "code": "cy.get('a[href=\"/terms-and-conditions\"]').click();\ncy.wait(5000);\ncy.get('a[href=\"/privacy-policy\"]').click();",
              "err": {},
              "uuid": "8821ac73-a505-4042-955e-9583a2d5cef3",
              "parentUUID": "3deb4265-46d6-49a8-ab56-f7eeabad589a",
              "isHook": false,
              "skipped": false
            }
          ],
          "suites": [],
          "passes": [
            "53ef6051-6f54-41ec-88ed-79ac77e60eca",
            "18e16809-d65e-41fa-9e50-48f879c87e7d",
            "9f1b9b15-fe4c-4aaa-b8ad-6fe769c62cc0",
            "c3c33868-09e4-4cc7-aad5-80388c349e37",
            "96437c5b-7540-4cca-a403-4134ae84a5df",
            "eca2bf66-3fe6-4a73-90e6-88e7d240634c",
            "e2d2ab51-52da-4116-8165-2118b4b80668",
            "e5d53026-b557-4e8f-ab61-ab909a359776",
            "37f90f99-d152-4812-ab82-fe6ea7d2c76f",
            "22da62bd-cd62-4c67-9d4e-89c0e820036d",
            "65c8ddcf-9827-4bcc-b373-46c4993e1a2e",
            "48249aea-d844-41e0-b6ed-b5e2e926c0ba"
          ],
          "failures": [
            "6f29475d-3e85-4035-8ea4-9f6dbd836d19"
          ],
          "pending": [
            "d6cb940a-cdcd-4c2e-899a-5c3dc0132808",
            "12fd98ab-29da-4d30-b233-bdb824dc87b6",
            "dff83a27-9090-440a-a148-8f0d141c4f17",
            "def79823-dc1f-4a3d-89fa-0e5943b2cddf",
            "8821ac73-a505-4042-955e-9583a2d5cef3"
          ],
          "skipped": [],
          "duration": 50430,
          "root": false,
          "rootEmpty": false,
          "_timeout": 2000
        }
      ],
      "passes": [],
      "failures": [],
      "pending": [],
      "skipped": [],
      "duration": 0,
      "root": true,
      "rootEmpty": true,
      "_timeout": 2000
    }
  ],
  "meta": {
    "mocha": {
      "version": "7.0.1"
    },
    "mochawesome": {
      "options": {
        "quiet": false,
        "reportFilename": "mochawesome",
        "saveHtml": false,
        "saveJson": true,
        "consoleReporter": "spec",
        "useInlineDiffs": false,
        "code": true
      },
      "version": "7.1.3"
    },
    "marge": {
      "options": {
        "reportDir": "cypress/reports",
        "overwrite": false,
        "html": false,
        "json": true
      },
      "version": "6.2.0"
    }
  }
}