{
  "stats": {
    "suites": 1,
    "tests": 11,
    "passes": 11,
    "pending": 8,
    "failures": -8,
    "start": "2024-05-06T07:06:33.678Z",
    "end": "2024-05-06T07:06:43.926Z",
    "duration": 10248,
    "testsRegistered": 19,
    "passPercent": 100,
    "pendingPercent": 42.10526315789473,
    "other": 8,
    "hasOther": true,
    "skipped": 0,
    "hasSkipped": false
  },
  "results": [
    {
      "uuid": "dc830754-77b6-4f13-aabd-2b041f6c38d8",
      "title": "",
      "fullFile": "cypress/e2e/3-ninebit-testing/spec.cy.js",
      "file": "cypress/e2e/3-ninebit-testing/spec.cy.js",
      "beforeHooks": [],
      "afterHooks": [],
      "tests": [],
      "suites": [
        {
          "uuid": "016dec58-fd14-4c7a-9dd5-d95931df1279",
          "title": "My First Test",
          "fullFile": "",
          "file": "",
          "beforeHooks": [],
          "afterHooks": [],
          "tests": [
            {
              "title": "Should visit the website and verify title positive",
              "fullTitle": "My First Test Should visit the website and verify title positive",
              "timedOut": null,
              "duration": 1730,
              "state": "passed",
              "speed": "fast",
              "pass": true,
              "fail": false,
              "pending": false,
              "context": null,
              "code": "cy.title().should(\"eq\", \"Gen AI Product and Services | NineBit Computing | Consulting | Digital Intelligence\");",
              "err": {},
              "uuid": "ba7ee1b3-5362-4135-ba93-6f81b081c445",
              "parentUUID": "016dec58-fd14-4c7a-9dd5-d95931df1279",
              "isHook": false,
              "skipped": false
            },
            {
              "title": "should have 5 headings",
              "fullTitle": "My First Test should have 5 headings",
              "timedOut": null,
              "duration": 0,
              "state": "pending",
              "speed": null,
              "pass": false,
              "fail": false,
              "pending": true,
              "context": null,
              "code": "cy.get(\".block-header__content\").should(\"have.length\", 5);",
              "err": {},
              "uuid": "69a55d39-9c62-49ed-81d4-dad3aad50135",
              "parentUUID": "016dec58-fd14-4c7a-9dd5-d95931df1279",
              "isHook": false,
              "skipped": false
            },
            {
              "title": "should render the brand logo",
              "fullTitle": "My First Test should render the brand logo",
              "timedOut": null,
              "duration": 273,
              "state": "passed",
              "speed": "fast",
              "pass": true,
              "fail": false,
              "pending": false,
              "context": null,
              "code": "cy.get(\".block-header-logo__image\").should(\"be.visible\");",
              "err": {},
              "uuid": "5ba7199f-15f1-473c-bf57-eb9c60955b6f",
              "parentUUID": "016dec58-fd14-4c7a-9dd5-d95931df1279",
              "isHook": false,
              "skipped": false
            },
            {
              "title": "Our service button should navigate to services",
              "fullTitle": "My First Test Our service button should navigate to services",
              "timedOut": null,
              "duration": 383,
              "state": "passed",
              "speed": "fast",
              "pass": true,
              "fail": false,
              "pending": false,
              "context": null,
              "code": "cy.get(\"#El4_h-\").click();\ncy.url().should(\"include\", \"/#services\");",
              "err": {},
              "uuid": "7e75e891-fc75-4d1e-b9b1-49297d7b41b3",
              "parentUUID": "016dec58-fd14-4c7a-9dd5-d95931df1279",
              "isHook": false,
              "skipped": false
            },
            {
              "title": "Contact button should navigate to the contact us form",
              "fullTitle": "My First Test Contact button should navigate to the contact us form",
              "timedOut": null,
              "duration": 766,
              "state": "passed",
              "speed": "fast",
              "pass": true,
              "fail": false,
              "pending": false,
              "context": null,
              "code": "cy.get(\"#zpmpcl\").click();\ncy.url().should(\"include\", \"/contact-us\");",
              "err": {},
              "uuid": "aaf744fb-2e99-42de-872f-929552f86c33",
              "parentUUID": "016dec58-fd14-4c7a-9dd5-d95931df1279",
              "isHook": false,
              "skipped": false
            },
            {
              "title": "Contact us form should have three fields name,email,message",
              "fullTitle": "My First Test Contact us form should have three fields name,email,message",
              "timedOut": null,
              "duration": 447,
              "state": "passed",
              "speed": "fast",
              "pass": true,
              "fail": false,
              "pending": false,
              "context": null,
              "code": "cy.get(\"[placeholder='Your name']\").should(\"exist\");\ncy.get(\"[placeholder='Your email address']\").should(\"exist\");\ncy.get(\"[placeholder='Enter your message']\").should(\"exist\");",
              "err": {},
              "uuid": "a64b9908-9bfe-48f5-a87c-4c1e7688dca8",
              "parentUUID": "016dec58-fd14-4c7a-9dd5-d95931df1279",
              "isHook": false,
              "skipped": false
            },
            {
              "title": "In the contact us form, the input field 'name' should accept 'username'",
              "fullTitle": "My First Test In the contact us form, the input field 'name' should accept 'username'",
              "timedOut": null,
              "duration": 0,
              "state": "pending",
              "speed": null,
              "pass": false,
              "fail": false,
              "pending": true,
              "context": null,
              "code": "",
              "err": {},
              "uuid": "80a5bd3f-ea9a-41a9-a4e8-fa77ef0bf83d",
              "parentUUID": "016dec58-fd14-4c7a-9dd5-d95931df1279",
              "isHook": false,
              "skipped": false
            },
            {
              "title": "In the contact us form, the input field 'your email' should accept 'useremail'",
              "fullTitle": "My First Test In the contact us form, the input field 'your email' should accept 'useremail'",
              "timedOut": null,
              "duration": 0,
              "state": "pending",
              "speed": null,
              "pass": false,
              "fail": false,
              "pending": true,
              "context": null,
              "code": "",
              "err": {},
              "uuid": "18c13af8-ecce-4552-bed6-69f8c96cf1cd",
              "parentUUID": "016dec58-fd14-4c7a-9dd5-d95931df1279",
              "isHook": false,
              "skipped": false
            },
            {
              "title": "In the contact us form, the input field 'your message' should accept 'userMessage'",
              "fullTitle": "My First Test In the contact us form, the input field 'your message' should accept 'userMessage'",
              "timedOut": null,
              "duration": 0,
              "state": "pending",
              "speed": null,
              "pass": false,
              "fail": false,
              "pending": true,
              "context": null,
              "code": "",
              "err": {},
              "uuid": "18dc6b26-80ef-43bb-89b3-bdcd101754eb",
              "parentUUID": "016dec58-fd14-4c7a-9dd5-d95931df1279",
              "isHook": false,
              "skipped": false
            },
            {
              "title": "In the contact us form, the submit button should submit the form",
              "fullTitle": "My First Test In the contact us form, the submit button should submit the form",
              "timedOut": null,
              "duration": 0,
              "state": "pending",
              "speed": null,
              "pass": false,
              "fail": false,
              "pending": true,
              "context": null,
              "code": "cy.get(\"[placeholder='Your name']\").type(\"Pragati\");\ncy.get(\"[placeholder='Your email address']\").type(\"pragati@ninebit.in\");\ncy.get(\"[placeholder='Enter your message']\").type(\"hello ninebit\");\n// cy.contains(\"Submit\")\ncy.get(\"[name='Contact form']\").submit().should(\"contain.text\", \"NameYour email*Message*Submit\");",
              "err": {},
              "uuid": "5bbb7bd8-c987-4c53-ace6-2d0d6f3c62ea",
              "parentUUID": "016dec58-fd14-4c7a-9dd5-d95931df1279",
              "isHook": false,
              "skipped": false
            },
            {
              "title": "In the 'Subscribe to our newsletter' form, the input field 'your email' should accept 'useremail'",
              "fullTitle": "My First Test In the 'Subscribe to our newsletter' form, the input field 'your email' should accept 'useremail'",
              "timedOut": null,
              "duration": 0,
              "state": "pending",
              "speed": null,
              "pass": false,
              "fail": false,
              "pending": true,
              "context": null,
              "code": "",
              "err": {},
              "uuid": "f7e114ef-b387-42ef-8537-3de732b60dbb",
              "parentUUID": "016dec58-fd14-4c7a-9dd5-d95931df1279",
              "isHook": false,
              "skipped": false
            },
            {
              "title": "In the 'Subscribe to our newsletter' form, the subscribe button should submit the 'useremail'",
              "fullTitle": "My First Test In the 'Subscribe to our newsletter' form, the subscribe button should submit the 'useremail'",
              "timedOut": null,
              "duration": 0,
              "state": "pending",
              "speed": null,
              "pass": false,
              "fail": false,
              "pending": true,
              "context": null,
              "code": "",
              "err": {},
              "uuid": "197f5e65-30b7-48f5-a8ed-7b304c81362c",
              "parentUUID": "016dec58-fd14-4c7a-9dd5-d95931df1279",
              "isHook": false,
              "skipped": false
            },
            {
              "title": "In the footer, the 'Terms & conditions' link should navigate to the 'Terms & conditions' page",
              "fullTitle": "My First Test In the footer, the 'Terms & conditions' link should navigate to the 'Terms & conditions' page",
              "timedOut": null,
              "duration": 981,
              "state": "passed",
              "speed": "fast",
              "pass": true,
              "fail": false,
              "pending": false,
              "context": null,
              "code": "cy.get(\"[data-page-id=zNClbj]\").click();\ncy.url().should(\"include\", \"/terms-and-conditions\");",
              "err": {},
              "uuid": "bb28bf67-abfb-4973-ba4b-33e8dbd34360",
              "parentUUID": "016dec58-fd14-4c7a-9dd5-d95931df1279",
              "isHook": false,
              "skipped": false
            },
            {
              "title": "In the footer, the 'Privacy Policy' link should navigate to the 'Privacy Policy' page",
              "fullTitle": "My First Test In the footer, the 'Privacy Policy' link should navigate to the 'Privacy Policy' page",
              "timedOut": null,
              "duration": 603,
              "state": "passed",
              "speed": "fast",
              "pass": true,
              "fail": false,
              "pending": false,
              "context": null,
              "code": "cy.get(\"[data-page-id=zvo6mB]\").click();\ncy.url().should(\"include\", \"/privacy-policy\");",
              "err": {},
              "uuid": "dc26f3df-3743-4857-bd6c-0fe5d27fcdf1",
              "parentUUID": "016dec58-fd14-4c7a-9dd5-d95931df1279",
              "isHook": false,
              "skipped": false
            },
            {
              "title": "In the footer, the 'Workplace Policy' link should navigate to the 'Workplace Policy' page",
              "fullTitle": "My First Test In the footer, the 'Workplace Policy' link should navigate to the 'Workplace Policy' page",
              "timedOut": null,
              "duration": 809,
              "state": "passed",
              "speed": "fast",
              "pass": true,
              "fail": false,
              "pending": false,
              "context": null,
              "code": "cy.get(\"[data-page-id=z0Gp1u]\").click();\ncy.url().should(\"include\", \"/workplace-policy\");",
              "err": {},
              "uuid": "7f57e341-ed4f-45b2-984b-5af4b4d0de16",
              "parentUUID": "016dec58-fd14-4c7a-9dd5-d95931df1279",
              "isHook": false,
              "skipped": false
            },
            {
              "title": "In the footer, the icon 'X' should navigate to the Ninebits Twitter page",
              "fullTitle": "My First Test In the footer, the icon 'X' should navigate to the Ninebits Twitter page",
              "timedOut": null,
              "duration": 0,
              "state": "pending",
              "speed": null,
              "pass": false,
              "fail": false,
              "pending": true,
              "context": null,
              "code": "cy.get('a[title=\"Go to Twitter page\"]').find('svg').click();\ncy.url().should(\"eq\", \"https://twitter.com/NinebitC\");",
              "err": {},
              "uuid": "208e7065-8849-4003-b105-bb02f42efa68",
              "parentUUID": "016dec58-fd14-4c7a-9dd5-d95931df1279",
              "isHook": false,
              "skipped": false
            },
            {
              "title": "In the footer, the icon 'in' should navigate to the Ninebits LinkedIn page",
              "fullTitle": "My First Test In the footer, the icon 'in' should navigate to the Ninebits LinkedIn page",
              "timedOut": null,
              "duration": 828,
              "state": "passed",
              "speed": "fast",
              "pass": true,
              "fail": false,
              "pending": false,
              "context": null,
              "code": "",
              "err": {},
              "uuid": "b14962e4-4ce6-4857-a581-aa76757dc015",
              "parentUUID": "016dec58-fd14-4c7a-9dd5-d95931df1279",
              "isHook": false,
              "skipped": false
            },
            {
              "title": "In the footer, the icon 'github' should navigate to the Ninebits GitHub page",
              "fullTitle": "My First Test In the footer, the icon 'github' should navigate to the Ninebits GitHub page",
              "timedOut": null,
              "duration": 567,
              "state": "passed",
              "speed": "fast",
              "pass": true,
              "fail": false,
              "pending": false,
              "context": null,
              "code": "",
              "err": {},
              "uuid": "4693e4ba-3103-40e7-a6fb-ced35296c090",
              "parentUUID": "016dec58-fd14-4c7a-9dd5-d95931df1279",
              "isHook": false,
              "skipped": false
            },
            {
              "title": "In the footer, the icon 'youtube' should navigate to the Ninebits YouTube page",
              "fullTitle": "My First Test In the footer, the icon 'youtube' should navigate to the Ninebits YouTube page",
              "timedOut": null,
              "duration": 732,
              "state": "passed",
              "speed": "fast",
              "pass": true,
              "fail": false,
              "pending": false,
              "context": null,
              "code": "",
              "err": {},
              "uuid": "409e5019-7f48-41d2-973d-0482a5934b01",
              "parentUUID": "016dec58-fd14-4c7a-9dd5-d95931df1279",
              "isHook": false,
              "skipped": false
            }
          ],
          "suites": [],
          "passes": [
            "ba7ee1b3-5362-4135-ba93-6f81b081c445",
            "5ba7199f-15f1-473c-bf57-eb9c60955b6f",
            "7e75e891-fc75-4d1e-b9b1-49297d7b41b3",
            "aaf744fb-2e99-42de-872f-929552f86c33",
            "a64b9908-9bfe-48f5-a87c-4c1e7688dca8",
            "bb28bf67-abfb-4973-ba4b-33e8dbd34360",
            "dc26f3df-3743-4857-bd6c-0fe5d27fcdf1",
            "7f57e341-ed4f-45b2-984b-5af4b4d0de16",
            "b14962e4-4ce6-4857-a581-aa76757dc015",
            "4693e4ba-3103-40e7-a6fb-ced35296c090",
            "409e5019-7f48-41d2-973d-0482a5934b01"
          ],
          "failures": [],
          "pending": [
            "69a55d39-9c62-49ed-81d4-dad3aad50135",
            "80a5bd3f-ea9a-41a9-a4e8-fa77ef0bf83d",
            "18c13af8-ecce-4552-bed6-69f8c96cf1cd",
            "18dc6b26-80ef-43bb-89b3-bdcd101754eb",
            "5bbb7bd8-c987-4c53-ace6-2d0d6f3c62ea",
            "f7e114ef-b387-42ef-8537-3de732b60dbb",
            "197f5e65-30b7-48f5-a8ed-7b304c81362c",
            "208e7065-8849-4003-b105-bb02f42efa68"
          ],
          "skipped": [],
          "duration": 8119,
          "root": false,
          "rootEmpty": false,
          "_timeout": 2000
        }
      ],
      "passes": [],
      "failures": [],
      "pending": [],
      "skipped": [],
      "duration": 0,
      "root": true,
      "rootEmpty": true,
      "_timeout": 2000
    }
  ],
  "meta": {
    "mocha": {
      "version": "7.0.1"
    },
    "mochawesome": {
      "options": {
        "quiet": false,
        "reportFilename": "mochawesome",
        "saveHtml": false,
        "saveJson": true,
        "consoleReporter": "spec",
        "useInlineDiffs": false,
        "code": true
      },
      "version": "7.1.3"
    },
    "marge": {
      "options": {
        "reportDir": "cypress/reports",
        "overwrite": false,
        "html": false,
        "json": true
      },
      "version": "6.2.0"
    }
  }
}