{
  "stats": {
    "suites": 1,
    "tests": 7,
    "passes": 7,
    "pending": 0,
    "failures": 0,
    "start": "2024-05-07T12:48:46.165Z",
    "end": "2024-05-07T12:48:49.059Z",
    "duration": 2894,
    "testsRegistered": 7,
    "passPercent": 100,
    "pendingPercent": 0,
    "other": 0,
    "hasOther": false,
    "skipped": 0,
    "hasSkipped": false
  },
  "results": [
    {
      "uuid": "afb2bc1b-61ac-41e5-b104-5a8d4294ece6",
      "title": "",
      "fullFile": "cypress/e2e/2-advanced-examples/cookies.cy.js",
      "file": "cypress/e2e/2-advanced-examples/cookies.cy.js",
      "beforeHooks": [],
      "afterHooks": [],
      "tests": [],
      "suites": [
        {
          "uuid": "19e58227-bc9b-4ded-a565-3785917c9386",
          "title": "Cookies",
          "fullFile": "",
          "file": "",
          "beforeHooks": [],
          "afterHooks": [],
          "tests": [
            {
              "title": "cy.getCookie() - get a browser cookie",
              "fullTitle": "Cookies cy.getCookie() - get a browser cookie",
              "timedOut": null,
              "duration": 610,
              "state": "passed",
              "speed": "fast",
              "pass": true,
              "fail": false,
              "pending": false,
              "context": null,
              "code": "// https://on.cypress.io/getcookie\ncy.get('#getCookie .set-a-cookie').click();\n// cy.getCookie() yields a cookie object\ncy.getCookie('token').should('have.property', 'value', '123ABC');",
              "err": {},
              "uuid": "fd5a2595-a4ef-46e6-abbd-f219a2821e03",
              "parentUUID": "19e58227-bc9b-4ded-a565-3785917c9386",
              "isHook": false,
              "skipped": false
            },
            {
              "title": "cy.getCookies() - get browser cookies for the current domain",
              "fullTitle": "Cookies cy.getCookies() - get browser cookies for the current domain",
              "timedOut": null,
              "duration": 242,
              "state": "passed",
              "speed": "fast",
              "pass": true,
              "fail": false,
              "pending": false,
              "context": null,
              "code": "// https://on.cypress.io/getcookies\ncy.getCookies().should('be.empty');\ncy.get('#getCookies .set-a-cookie').click();\n// cy.getCookies() yields an array of cookies\ncy.getCookies().should('have.length', 1).should(cookies => {\n  // each cookie has these properties\n  expect(cookies[0]).to.have.property('name', 'token');\n  expect(cookies[0]).to.have.property('value', '123ABC');\n  expect(cookies[0]).to.have.property('httpOnly', false);\n  expect(cookies[0]).to.have.property('secure', false);\n  expect(cookies[0]).to.have.property('domain');\n  expect(cookies[0]).to.have.property('path');\n});",
              "err": {},
              "uuid": "a8a38f75-8f25-4998-a086-b04db460871d",
              "parentUUID": "19e58227-bc9b-4ded-a565-3785917c9386",
              "isHook": false,
              "skipped": false
            },
            {
              "title": "cy.getAllCookies() - get all browser cookies",
              "fullTitle": "Cookies cy.getAllCookies() - get all browser cookies",
              "timedOut": null,
              "duration": 156,
              "state": "passed",
              "speed": "fast",
              "pass": true,
              "fail": false,
              "pending": false,
              "context": null,
              "code": "// https://on.cypress.io/getallcookies\ncy.getAllCookies().should('be.empty');\ncy.setCookie('key', 'value');\ncy.setCookie('key', 'value', {\n  domain: '.example.com'\n});\n// cy.getAllCookies() yields an array of cookies\ncy.getAllCookies().should('have.length', 2).should(cookies => {\n  // each cookie has these properties\n  expect(cookies[0]).to.have.property('name', 'key');\n  expect(cookies[0]).to.have.property('value', 'value');\n  expect(cookies[0]).to.have.property('httpOnly', false);\n  expect(cookies[0]).to.have.property('secure', false);\n  expect(cookies[0]).to.have.property('domain');\n  expect(cookies[0]).to.have.property('path');\n  expect(cookies[1]).to.have.property('name', 'key');\n  expect(cookies[1]).to.have.property('value', 'value');\n  expect(cookies[1]).to.have.property('httpOnly', false);\n  expect(cookies[1]).to.have.property('secure', false);\n  expect(cookies[1]).to.have.property('domain', '.example.com');\n  expect(cookies[1]).to.have.property('path');\n});",
              "err": {},
              "uuid": "4b327310-0f7f-4b8c-86fb-ad85c3e01331",
              "parentUUID": "19e58227-bc9b-4ded-a565-3785917c9386",
              "isHook": false,
              "skipped": false
            },
            {
              "title": "cy.setCookie() - set a browser cookie",
              "fullTitle": "Cookies cy.setCookie() - set a browser cookie",
              "timedOut": null,
              "duration": 136,
              "state": "passed",
              "speed": "fast",
              "pass": true,
              "fail": false,
              "pending": false,
              "context": null,
              "code": "// https://on.cypress.io/setcookie\ncy.getCookies().should('be.empty');\ncy.setCookie('foo', 'bar');\n// cy.getCookie() yields a cookie object\ncy.getCookie('foo').should('have.property', 'value', 'bar');",
              "err": {},
              "uuid": "85d21488-bc9a-4180-b855-1e2d58a85913",
              "parentUUID": "19e58227-bc9b-4ded-a565-3785917c9386",
              "isHook": false,
              "skipped": false
            },
            {
              "title": "cy.clearCookie() - clear a browser cookie",
              "fullTitle": "Cookies cy.clearCookie() - clear a browser cookie",
              "timedOut": null,
              "duration": 240,
              "state": "passed",
              "speed": "fast",
              "pass": true,
              "fail": false,
              "pending": false,
              "context": null,
              "code": "// https://on.cypress.io/clearcookie\ncy.getCookie('token').should('be.null');\ncy.get('#clearCookie .set-a-cookie').click();\ncy.getCookie('token').should('have.property', 'value', '123ABC');\n// cy.clearCookies() yields null\ncy.clearCookie('token');\ncy.getCookie('token').should('be.null');",
              "err": {},
              "uuid": "5561ae0f-465c-4a0e-9cec-35d01948a143",
              "parentUUID": "19e58227-bc9b-4ded-a565-3785917c9386",
              "isHook": false,
              "skipped": false
            },
            {
              "title": "cy.clearCookies() - clear browser cookies for the current domain",
              "fullTitle": "Cookies cy.clearCookies() - clear browser cookies for the current domain",
              "timedOut": null,
              "duration": 232,
              "state": "passed",
              "speed": "fast",
              "pass": true,
              "fail": false,
              "pending": false,
              "context": null,
              "code": "// https://on.cypress.io/clearcookies\ncy.getCookies().should('be.empty');\ncy.get('#clearCookies .set-a-cookie').click();\ncy.getCookies().should('have.length', 1);\n// cy.clearCookies() yields null\ncy.clearCookies();\ncy.getCookies().should('be.empty');",
              "err": {},
              "uuid": "2071315d-583a-4395-9b76-2a9d73e42031",
              "parentUUID": "19e58227-bc9b-4ded-a565-3785917c9386",
              "isHook": false,
              "skipped": false
            },
            {
              "title": "cy.clearAllCookies() - clear all browser cookies",
              "fullTitle": "Cookies cy.clearAllCookies() - clear all browser cookies",
              "timedOut": null,
              "duration": 170,
              "state": "passed",
              "speed": "fast",
              "pass": true,
              "fail": false,
              "pending": false,
              "context": null,
              "code": "// https://on.cypress.io/clearallcookies\ncy.getAllCookies().should('be.empty');\ncy.setCookie('key', 'value');\ncy.setCookie('key', 'value', {\n  domain: '.example.com'\n});\ncy.getAllCookies().should('have.length', 2);\n// cy.clearAllCookies() yields null\ncy.clearAllCookies();\ncy.getAllCookies().should('be.empty');",
              "err": {},
              "uuid": "d768b962-535f-413f-b721-5445f7d9a5cf",
              "parentUUID": "19e58227-bc9b-4ded-a565-3785917c9386",
              "isHook": false,
              "skipped": false
            }
          ],
          "suites": [],
          "passes": [
            "fd5a2595-a4ef-46e6-abbd-f219a2821e03",
            "a8a38f75-8f25-4998-a086-b04db460871d",
            "4b327310-0f7f-4b8c-86fb-ad85c3e01331",
            "85d21488-bc9a-4180-b855-1e2d58a85913",
            "5561ae0f-465c-4a0e-9cec-35d01948a143",
            "2071315d-583a-4395-9b76-2a9d73e42031",
            "d768b962-535f-413f-b721-5445f7d9a5cf"
          ],
          "failures": [],
          "pending": [],
          "skipped": [],
          "duration": 1786,
          "root": false,
          "rootEmpty": false,
          "_timeout": 2000
        }
      ],
      "passes": [],
      "failures": [],
      "pending": [],
      "skipped": [],
      "duration": 0,
      "root": true,
      "rootEmpty": true,
      "_timeout": 2000
    }
  ],
  "meta": {
    "mocha": {
      "version": "7.0.1"
    },
    "mochawesome": {
      "options": {
        "quiet": false,
        "reportFilename": "mochawesome",
        "saveHtml": false,
        "saveJson": true,
        "consoleReporter": "spec",
        "useInlineDiffs": false,
        "code": true
      },
      "version": "7.1.3"
    },
    "marge": {
      "options": {
        "reportDir": "cypress/reports",
        "overwrite": false,
        "html": false,
        "json": true
      },
      "version": "6.2.0"
    }
  }
}